Drill report for debugVCFSeparate.kicad_pcb
Created on 2025-08-11T18:09:12+0900

Copper Layer Stackup:
    =============================================================
    L1 :  F.Cu                      front
    L2 :  B.Cu                      back


Drill file 'debugVCFSeparate-PTH.drl' contains
    plated through holes:
    =============================================================
    T1  0.300mm  0.0118"  (13 holes)
    T2  0.600mm  0.0236"  (2 holes)
    T3  0.700mm  0.0276"  (64 holes)
    T4  0.750mm  0.0295"  (9 holes)
    T5  0.800mm  0.0315"  (54 holes)
    T6  1.000mm  0.0394"  (29 holes)
    T7  1.200mm  0.0472"  (12 holes)
    T8  2.970mm  0.1169"  (8 holes)

    Total plated holes count 191


Drill file 'debugVCFSeparate-NPTH.drl' contains
    unplated through holes:
    =============================================================

    Total unplated holes count 0
