Drill report for debugVCASeparate.kicad_pcb
Created on 2025-08-11T14:45:23+0900

Copper Layer Stackup:
    =============================================================
    L1 :  F.Cu                      front
    L2 :  B.Cu                      back


Drill file 'debugVCASeparate-PTH.drl' contains
    plated through holes:
    =============================================================
    T1  0.300mm  0.0118"  (4 holes)
    T2  0.700mm  0.0276"  (60 holes)
    T3  0.750mm  0.0295"  (6 holes)
    T4  0.800mm  0.0315"  (48 holes)
    T5  1.000mm  0.0394"  (19 holes)
    T6  1.200mm  0.0472"  (6 holes)
    T7  2.970mm  0.1169"  (4 holes)

    Total plated holes count 147


Drill file 'debugVCASeparate-NPTH.drl' contains
    unplated through holes:
    =============================================================

    Total unplated holes count 0
